<?xml version="1.0" encoding="UTF-8"?>
<!-- Generated by org.testng.reporters.JUnitXMLReporter -->
<testsuite ignored="0" hostname="Krushna" failures="0" tests="7" name="Default test" time="41.667" errors="0" timestamp="29 Jun 2020 16:02:18 GMT">
  <testcase classname="travelSite.SeleniumPOC.Booking" name="launchURL" time="5.801"/>
  <testcase classname="travelSite.SeleniumPOC.Booking" name="carRentals" time="6.312"/>
  <testcase classname="travelSite.SeleniumPOC.Booking" name="selectTripType" time="0.228"/>
  <testcase classname="travelSite.SeleniumPOC.Booking" name="selectDriveFromAddress" time="1.873"/>
  <testcase classname="travelSite.SeleniumPOC.Booking" name="selectDriveToAddress" time="5.215"/>
  <testcase classname="travelSite.SeleniumPOC.Booking" name="search" time="15.629"/>
  <testcase classname="travelSite.SeleniumPOC.Booking" name="searchPageLoad" time="0.08"/>
</testsuite> <!-- Default test -->
