<?xml version="1.0" encoding="UTF-8"?>
<testsuite xmlns:xsi="http://www.w3.org/2001/XMLSchema-instance" xsi:noNamespaceSchemaLocation="https://maven.apache.org/surefire/maven-surefire-plugin/xsd/surefire-test-report-3.0.xsd" version="3.0" name="TestSuite" time="36.004" tests="7" errors="0" skipped="0" failures="0">
  <properties>
[...]
</properties>
  <testcase name="launchURL" classname="travelSite.SeleniumPOC.Booking" time="4.421"/>
  <testcase name="carRentals" classname="travelSite.SeleniumPOC.Booking" time="3.711"/>
  <testcase name="selectTripType" classname="travelSite.SeleniumPOC.Booking" time="0.317"/>
  <testcase name="selectDriveFromAddress" classname="travelSite.SeleniumPOC.Booking" time="2.817"/>
  <testcase name="selectDriveToAddress" classname="travelSite.SeleniumPOC.Booking" time="3.532"/>
  <testcase name="search" classname="travelSite.SeleniumPOC.Booking" time="11.285"/>
  <testcase name="searchPageLoad" classname="travelSite.SeleniumPOC.Booking" time="0.199"/>
</testsuite>